<?xml version="1.0" encoding="UTF-8"?>
<!-- Generated by org.testng.reporters.JUnitXMLReporter -->
<testsuite ignored="0" hostname="Hirals-MacBook-Air.local" failures="1" tests="17" name="Amazon Test" time="167.071" errors="0" timestamp="2022-07-26T14:35:21 EDT">
  <testcase classname="com.amazon.qa.testcases.HomePageTest" name="footerListTest" time="13.806"/>
  <testcase classname="com.amazon.qa.testcases.HomePageTest" name="globalLocationTest" time="0.091"/>
  <testcase classname="com.amazon.qa.testcases.HomePageTest" name="headerListTest" time="0.501">
    <failure type="java.lang.AssertionError" message="The numbers of Header Links are not matched expected [28] but found [27]">
      <![CDATA[java.lang.AssertionError: The numbers of Header Links are not matched expected [28] but found [27]
at com.amazon.qa.testcases.HomePageTest.headerListTest(HomePageTest.java:74)
at java.base/java.util.ArrayList.forEach(ArrayList.java:1511)
... Removed 32 stack frames]]>
    </failure>
  </testcase> <!-- headerListTest -->
  <testcase classname="com.amazon.qa.testcases.HomePageTest" name="homePageTitleTest" time="0.057"/>
  <testcase classname="com.amazon.qa.testcases.HomePageTest" name="languagesTest" time="0.4"/>
  <testcase classname="com.amazon.qa.testcases.HomePageTest" name="pageLogoTest" time="5.444"/>
  <testcase classname="com.amazon.qa.testcases.HomePageTest" name="searchTest" time="1.665"/>
  <testcase classname="com.amazon.qa.testcases.ProductPageTest" name="pageTitleTest" time="0.029"/>
  <testcase classname="com.amazon.qa.testcases.ProductPageTest" name="proPageLogoTest" time="0.145"/>
  <testcase classname="com.amazon.qa.testcases.ProductPageTest" name="prodBrandTest" time="1.621"/>
  <testcase classname="com.amazon.qa.testcases.ProductPageTest" name="prodPriceTest" time="0.624"/>
  <testcase classname="com.amazon.qa.testcases.ProductPageTest" name="purchaseProductTest" time="11.186"/>
  <testcase classname="com.amazon.qa.testcases.SignInPageTest" name="signInPageTitleTest" time="0.005"/>
  <testcase classname="com.amazon.qa.testcases.SignInPageTest" name="LogoTest" time="0.094"/>
  <testcase classname="com.amazon.qa.testcases.SignInPageTest" name="wronEmailTest" time="0.425"/>
  <testcase classname="com.amazon.qa.testcases.SignInPageTest" name="wrongPassTest" time="1.948"/>
  <testcase classname="com.amazon.qa.testcases.SignInPageTest" name="correctSignInTest" time="1.942"/>
</testsuite> <!-- Amazon Test -->
