<?xml version="1.0" encoding="UTF-8"?>
<testng-results ignored="0" total="17" passed="16" failed="1" skipped="0">
  <reporter-output>
  </reporter-output>
  <suite started-at="2022-07-26T14:32:34 EDT" name="Suite" finished-at="2022-07-26T14:35:21 EDT" duration-ms="167071">
    <groups>
    </groups>
    <test started-at="2022-07-26T14:32:34 EDT" name="Amazon Test" finished-at="2022-07-26T14:35:21 EDT" duration-ms="167071">
      <class name="com.amazon.qa.testcases.SignInPageTest">
        <test-method is-config="true" signature="setUp()[pri:0, instance:com.amazon.qa.testcases.SignInPageTest@517566b]" started-at="2022-07-26T14:34:42 EDT" name="setUp" finished-at="2022-07-26T14:34:48 EDT" duration-ms="6355" status="PASS">
          <reporter-output>
          </reporter-output>
        </test-method> <!-- setUp -->
        <test-method signature="signInPageTitleTest()[pri:1, instance:com.amazon.qa.testcases.SignInPageTest@517566b]" started-at="2022-07-26T14:34:48 EDT" name="signInPageTitleTest" finished-at="2022-07-26T14:34:48 EDT" duration-ms="5" status="PASS">
          <reporter-output>
          </reporter-output>
        </test-method> <!-- signInPageTitleTest -->
        <test-method is-config="true" signature="tearDown()[pri:0, instance:com.amazon.qa.testcases.SignInPageTest@517566b]" started-at="2022-07-26T14:34:48 EDT" name="tearDown" finished-at="2022-07-26T14:34:49 EDT" duration-ms="732" status="PASS">
          <reporter-output>
          </reporter-output>
        </test-method> <!-- tearDown -->
        <test-method is-config="true" signature="setUp()[pri:0, instance:com.amazon.qa.testcases.SignInPageTest@517566b]" started-at="2022-07-26T14:34:49 EDT" name="setUp" finished-at="2022-07-26T14:34:56 EDT" duration-ms="6336" status="PASS">
          <reporter-output>
          </reporter-output>
        </test-method> <!-- setUp -->
        <test-method signature="LogoTest()[pri:2, instance:com.amazon.qa.testcases.SignInPageTest@517566b]" started-at="2022-07-26T14:34:56 EDT" name="LogoTest" finished-at="2022-07-26T14:34:56 EDT" duration-ms="94" status="PASS">
          <reporter-output>
          </reporter-output>
        </test-method> <!-- LogoTest -->
        <test-method is-config="true" signature="tearDown()[pri:0, instance:com.amazon.qa.testcases.SignInPageTest@517566b]" started-at="2022-07-26T14:34:56 EDT" name="tearDown" finished-at="2022-07-26T14:34:56 EDT" duration-ms="701" status="PASS">
          <reporter-output>
          </reporter-output>
        </test-method> <!-- tearDown -->
        <test-method is-config="true" signature="setUp()[pri:0, instance:com.amazon.qa.testcases.SignInPageTest@517566b]" started-at="2022-07-26T14:34:56 EDT" name="setUp" finished-at="2022-07-26T14:35:03 EDT" duration-ms="6618" status="PASS">
          <reporter-output>
          </reporter-output>
        </test-method> <!-- setUp -->
        <test-method signature="wronEmailTest()[pri:3, instance:com.amazon.qa.testcases.SignInPageTest@517566b]" started-at="2022-07-26T14:35:03 EDT" name="wronEmailTest" finished-at="2022-07-26T14:35:03 EDT" duration-ms="425" status="PASS">
          <reporter-output>
          </reporter-output>
        </test-method> <!-- wronEmailTest -->
        <test-method is-config="true" signature="tearDown()[pri:0, instance:com.amazon.qa.testcases.SignInPageTest@517566b]" started-at="2022-07-26T14:35:03 EDT" name="tearDown" finished-at="2022-07-26T14:35:04 EDT" duration-ms="585" status="PASS">
          <reporter-output>
          </reporter-output>
        </test-method> <!-- tearDown -->
        <test-method is-config="true" signature="setUp()[pri:0, instance:com.amazon.qa.testcases.SignInPageTest@517566b]" started-at="2022-07-26T14:35:04 EDT" name="setUp" finished-at="2022-07-26T14:35:10 EDT" duration-ms="6277" status="PASS">
          <reporter-output>
          </reporter-output>
        </test-method> <!-- setUp -->
        <test-method signature="wrongPassTest()[pri:4, instance:com.amazon.qa.testcases.SignInPageTest@517566b]" started-at="2022-07-26T14:35:10 EDT" name="wrongPassTest" finished-at="2022-07-26T14:35:12 EDT" duration-ms="1948" status="PASS">
          <reporter-output>
          </reporter-output>
        </test-method> <!-- wrongPassTest -->
        <test-method is-config="true" signature="tearDown()[pri:0, instance:com.amazon.qa.testcases.SignInPageTest@517566b]" started-at="2022-07-26T14:35:12 EDT" name="tearDown" finished-at="2022-07-26T14:35:13 EDT" duration-ms="589" status="PASS">
          <reporter-output>
          </reporter-output>
        </test-method> <!-- tearDown -->
        <test-method is-config="true" signature="setUp()[pri:0, instance:com.amazon.qa.testcases.SignInPageTest@517566b]" started-at="2022-07-26T14:35:13 EDT" name="setUp" finished-at="2022-07-26T14:35:19 EDT" duration-ms="5881" status="PASS">
          <reporter-output>
          </reporter-output>
        </test-method> <!-- setUp -->
        <test-method signature="correctSignInTest()[pri:5, instance:com.amazon.qa.testcases.SignInPageTest@517566b]" started-at="2022-07-26T14:35:19 EDT" name="correctSignInTest" finished-at="2022-07-26T14:35:21 EDT" duration-ms="1942" status="PASS">
          <reporter-output>
          </reporter-output>
        </test-method> <!-- correctSignInTest -->
        <test-method is-config="true" signature="tearDown()[pri:0, instance:com.amazon.qa.testcases.SignInPageTest@517566b]" started-at="2022-07-26T14:35:21 EDT" name="tearDown" finished-at="2022-07-26T14:35:21 EDT" duration-ms="619" status="PASS">
          <reporter-output>
          </reporter-output>
        </test-method> <!-- tearDown -->
      </class> <!-- com.amazon.qa.testcases.SignInPageTest -->
      <class name="com.amazon.qa.testcases.ProductPageTest">
        <test-method is-config="true" signature="setUp()[pri:0, instance:com.amazon.qa.testcases.ProductPageTest@2f40e5db]" started-at="2022-07-26T14:33:37 EDT" name="setUp" finished-at="2022-07-26T14:33:43 EDT" duration-ms="6061" status="PASS">
          <reporter-output>
          </reporter-output>
        </test-method> <!-- setUp -->
        <test-method signature="pageTitleTest()[pri:1, instance:com.amazon.qa.testcases.ProductPageTest@2f40e5db]" started-at="2022-07-26T14:33:43 EDT" name="pageTitleTest" finished-at="2022-07-26T14:33:43 EDT" duration-ms="29" status="PASS">
          <reporter-output>
          </reporter-output>
        </test-method> <!-- pageTitleTest -->
        <test-method is-config="true" signature="tearDown()[pri:0, instance:com.amazon.qa.testcases.ProductPageTest@2f40e5db]" started-at="2022-07-26T14:33:43 EDT" name="tearDown" finished-at="2022-07-26T14:33:44 EDT" duration-ms="760" status="PASS">
          <reporter-output>
          </reporter-output>
        </test-method> <!-- tearDown -->
        <test-method is-config="true" signature="setUp()[pri:0, instance:com.amazon.qa.testcases.ProductPageTest@2f40e5db]" started-at="2022-07-26T14:33:44 EDT" name="setUp" finished-at="2022-07-26T14:33:58 EDT" duration-ms="14338" status="PASS">
          <reporter-output>
          </reporter-output>
        </test-method> <!-- setUp -->
        <test-method signature="proPageLogoTest()[pri:2, instance:com.amazon.qa.testcases.ProductPageTest@2f40e5db]" started-at="2022-07-26T14:33:58 EDT" name="proPageLogoTest" finished-at="2022-07-26T14:33:58 EDT" duration-ms="145" status="PASS">
          <reporter-output>
          </reporter-output>
        </test-method> <!-- proPageLogoTest -->
        <test-method is-config="true" signature="tearDown()[pri:0, instance:com.amazon.qa.testcases.ProductPageTest@2f40e5db]" started-at="2022-07-26T14:33:58 EDT" name="tearDown" finished-at="2022-07-26T14:33:59 EDT" duration-ms="610" status="PASS">
          <reporter-output>
          </reporter-output>
        </test-method> <!-- tearDown -->
        <test-method is-config="true" signature="setUp()[pri:0, instance:com.amazon.qa.testcases.ProductPageTest@2f40e5db]" started-at="2022-07-26T14:33:59 EDT" name="setUp" finished-at="2022-07-26T14:34:08 EDT" duration-ms="8837" status="PASS">
          <reporter-output>
          </reporter-output>
        </test-method> <!-- setUp -->
        <test-method signature="prodBrandTest()[pri:3, instance:com.amazon.qa.testcases.ProductPageTest@2f40e5db]" started-at="2022-07-26T14:34:08 EDT" name="prodBrandTest" finished-at="2022-07-26T14:34:09 EDT" duration-ms="1621" status="PASS">
          <reporter-output>
          </reporter-output>
        </test-method> <!-- prodBrandTest -->
        <test-method is-config="true" signature="tearDown()[pri:0, instance:com.amazon.qa.testcases.ProductPageTest@2f40e5db]" started-at="2022-07-26T14:34:09 EDT" name="tearDown" finished-at="2022-07-26T14:34:10 EDT" duration-ms="688" status="PASS">
          <reporter-output>
          </reporter-output>
        </test-method> <!-- tearDown -->
        <test-method is-config="true" signature="setUp()[pri:0, instance:com.amazon.qa.testcases.ProductPageTest@2f40e5db]" started-at="2022-07-26T14:34:10 EDT" name="setUp" finished-at="2022-07-26T14:34:19 EDT" duration-ms="8812" status="PASS">
          <reporter-output>
          </reporter-output>
        </test-method> <!-- setUp -->
        <test-method signature="prodPriceTest()[pri:4, instance:com.amazon.qa.testcases.ProductPageTest@2f40e5db]" started-at="2022-07-26T14:34:19 EDT" name="prodPriceTest" finished-at="2022-07-26T14:34:20 EDT" duration-ms="624" status="PASS">
          <reporter-output>
          </reporter-output>
        </test-method> <!-- prodPriceTest -->
        <test-method is-config="true" signature="tearDown()[pri:0, instance:com.amazon.qa.testcases.ProductPageTest@2f40e5db]" started-at="2022-07-26T14:34:20 EDT" name="tearDown" finished-at="2022-07-26T14:34:20 EDT" duration-ms="734" status="PASS">
          <reporter-output>
          </reporter-output>
        </test-method> <!-- tearDown -->
        <test-method is-config="true" signature="setUp()[pri:0, instance:com.amazon.qa.testcases.ProductPageTest@2f40e5db]" started-at="2022-07-26T14:34:20 EDT" name="setUp" finished-at="2022-07-26T14:34:30 EDT" duration-ms="9942" status="PASS">
          <reporter-output>
          </reporter-output>
        </test-method> <!-- setUp -->
        <test-method signature="purchaseProductTest()[pri:5, instance:com.amazon.qa.testcases.ProductPageTest@2f40e5db]" started-at="2022-07-26T14:34:30 EDT" name="purchaseProductTest" finished-at="2022-07-26T14:34:41 EDT" duration-ms="11186" status="PASS">
          <reporter-output>
          </reporter-output>
        </test-method> <!-- purchaseProductTest -->
        <test-method is-config="true" signature="tearDown()[pri:0, instance:com.amazon.qa.testcases.ProductPageTest@2f40e5db]" started-at="2022-07-26T14:34:41 EDT" name="tearDown" finished-at="2022-07-26T14:34:42 EDT" duration-ms="672" status="PASS">
          <reporter-output>
          </reporter-output>
        </test-method> <!-- tearDown -->
      </class> <!-- com.amazon.qa.testcases.ProductPageTest -->
      <class name="com.amazon.qa.testcases.HomePageTest">
        <test-method is-config="true" signature="setUp()[pri:0, instance:com.amazon.qa.testcases.HomePageTest@74bada02]" started-at="2022-07-26T14:32:34 EDT" name="setUp" finished-at="2022-07-26T14:32:39 EDT" duration-ms="5034" status="PASS">
          <reporter-output>
          </reporter-output>
        </test-method> <!-- setUp -->
        <test-method signature="footerListTest()[pri:0, instance:com.amazon.qa.testcases.HomePageTest@74bada02]" started-at="2022-07-26T14:32:39 EDT" name="footerListTest" finished-at="2022-07-26T14:32:53 EDT" duration-ms="13806" status="PASS">
          <reporter-output>
          </reporter-output>
        </test-method> <!-- footerListTest -->
        <test-method is-config="true" signature="tearDown()[pri:0, instance:com.amazon.qa.testcases.HomePageTest@74bada02]" started-at="2022-07-26T14:32:53 EDT" name="tearDown" finished-at="2022-07-26T14:32:54 EDT" duration-ms="796" status="PASS">
          <reporter-output>
          </reporter-output>
        </test-method> <!-- tearDown -->
        <test-method is-config="true" signature="setUp()[pri:0, instance:com.amazon.qa.testcases.HomePageTest@74bada02]" started-at="2022-07-26T14:32:54 EDT" name="setUp" finished-at="2022-07-26T14:33:00 EDT" duration-ms="5693" status="PASS">
          <reporter-output>
          </reporter-output>
        </test-method> <!-- setUp -->
        <test-method signature="globalLocationTest()[pri:0, instance:com.amazon.qa.testcases.HomePageTest@74bada02]" started-at="2022-07-26T14:33:00 EDT" name="globalLocationTest" finished-at="2022-07-26T14:33:00 EDT" duration-ms="91" status="PASS">
          <reporter-output>
          </reporter-output>
        </test-method> <!-- globalLocationTest -->
        <test-method is-config="true" signature="tearDown()[pri:0, instance:com.amazon.qa.testcases.HomePageTest@74bada02]" started-at="2022-07-26T14:33:00 EDT" name="tearDown" finished-at="2022-07-26T14:33:00 EDT" duration-ms="758" status="PASS">
          <reporter-output>
          </reporter-output>
        </test-method> <!-- tearDown -->
        <test-method is-config="true" signature="setUp()[pri:0, instance:com.amazon.qa.testcases.HomePageTest@74bada02]" started-at="2022-07-26T14:33:00 EDT" name="setUp" finished-at="2022-07-26T14:33:06 EDT" duration-ms="5237" status="PASS">
          <reporter-output>
          </reporter-output>
        </test-method> <!-- setUp -->
        <test-method signature="headerListTest()[pri:0, instance:com.amazon.qa.testcases.HomePageTest@74bada02]" started-at="2022-07-26T14:33:06 EDT" name="headerListTest" finished-at="2022-07-26T14:33:06 EDT" duration-ms="501" status="FAIL">
          <exception class="java.lang.AssertionError">
            <message>
              <![CDATA[The numbers of Header Links are not matched expected [28] but found [27]]]>
            </message>
            <full-stacktrace>
              <![CDATA[java.lang.AssertionError: The numbers of Header Links are not matched expected [28] but found [27]
at org.testng.Assert.fail(Assert.java:99)
at org.testng.Assert.failNotEquals(Assert.java:1037)
at org.testng.Assert.assertEqualsImpl(Assert.java:140)
at org.testng.Assert.assertEquals(Assert.java:122)
at org.testng.Assert.assertEquals(Assert.java:907)
at com.amazon.qa.testcases.HomePageTest.headerListTest(HomePageTest.java:74)
at java.base/jdk.internal.reflect.NativeMethodAccessorImpl.invoke0(Native Method)
at java.base/jdk.internal.reflect.NativeMethodAccessorImpl.invoke(NativeMethodAccessorImpl.java:64)
at java.base/jdk.internal.reflect.DelegatingMethodAccessorImpl.invoke(DelegatingMethodAccessorImpl.java:43)
at java.base/java.lang.reflect.Method.invoke(Method.java:564)
at org.testng.internal.MethodInvocationHelper.invokeMethod(MethodInvocationHelper.java:133)
at org.testng.internal.TestInvoker.invokeMethod(TestInvoker.java:598)
at org.testng.internal.TestInvoker.invokeTestMethod(TestInvoker.java:173)
at org.testng.internal.MethodRunner.runInSequence(MethodRunner.java:46)
at org.testng.internal.TestInvoker$MethodInvocationAgent.invoke(TestInvoker.java:824)
at org.testng.internal.TestInvoker.invokeTestMethods(TestInvoker.java:146)
at org.testng.internal.TestMethodWorker.invokeTestMethods(TestMethodWorker.java:146)
at org.testng.internal.TestMethodWorker.run(TestMethodWorker.java:128)
at java.base/java.util.ArrayList.forEach(ArrayList.java:1511)
at org.testng.TestRunner.privateRun(TestRunner.java:794)
at org.testng.TestRunner.run(TestRunner.java:596)
at org.testng.SuiteRunner.runTest(SuiteRunner.java:377)
at org.testng.SuiteRunner.runSequentially(SuiteRunner.java:371)
at org.testng.SuiteRunner.privateRun(SuiteRunner.java:332)
at org.testng.SuiteRunner.run(SuiteRunner.java:276)
at org.testng.SuiteRunnerWorker.runSuite(SuiteRunnerWorker.java:53)
at org.testng.SuiteRunnerWorker.run(SuiteRunnerWorker.java:96)
at org.testng.TestNG.runSuitesSequentially(TestNG.java:1212)
at org.testng.TestNG.runSuitesLocally(TestNG.java:1134)
at org.testng.TestNG.runSuites(TestNG.java:1063)
at org.testng.TestNG.run(TestNG.java:1031)
at org.testng.remote.AbstractRemoteTestNG.run(AbstractRemoteTestNG.java:115)
at org.testng.remote.RemoteTestNG.initAndRun(RemoteTestNG.java:251)
at org.testng.remote.RemoteTestNG.main(RemoteTestNG.java:77)
]]>
            </full-stacktrace>
          </exception> <!-- java.lang.AssertionError -->
          <reporter-output>
          </reporter-output>
        </test-method> <!-- headerListTest -->
        <test-method is-config="true" signature="tearDown()[pri:0, instance:com.amazon.qa.testcases.HomePageTest@74bada02]" started-at="2022-07-26T14:33:06 EDT" name="tearDown" finished-at="2022-07-26T14:33:07 EDT" duration-ms="651" status="PASS">
          <reporter-output>
          </reporter-output>
        </test-method> <!-- tearDown -->
        <test-method is-config="true" signature="setUp()[pri:0, instance:com.amazon.qa.testcases.HomePageTest@74bada02]" started-at="2022-07-26T14:33:07 EDT" name="setUp" finished-at="2022-07-26T14:33:12 EDT" duration-ms="4911" status="PASS">
          <reporter-output>
          </reporter-output>
        </test-method> <!-- setUp -->
        <test-method signature="homePageTitleTest()[pri:0, instance:com.amazon.qa.testcases.HomePageTest@74bada02]" started-at="2022-07-26T14:33:12 EDT" name="homePageTitleTest" finished-at="2022-07-26T14:33:12 EDT" duration-ms="57" status="PASS">
          <reporter-output>
          </reporter-output>
        </test-method> <!-- homePageTitleTest -->
        <test-method is-config="true" signature="tearDown()[pri:0, instance:com.amazon.qa.testcases.HomePageTest@74bada02]" started-at="2022-07-26T14:33:12 EDT" name="tearDown" finished-at="2022-07-26T14:33:12 EDT" duration-ms="679" status="PASS">
          <reporter-output>
          </reporter-output>
        </test-method> <!-- tearDown -->
        <test-method is-config="true" signature="setUp()[pri:0, instance:com.amazon.qa.testcases.HomePageTest@74bada02]" started-at="2022-07-26T14:33:12 EDT" name="setUp" finished-at="2022-07-26T14:33:17 EDT" duration-ms="4413" status="PASS">
          <reporter-output>
          </reporter-output>
        </test-method> <!-- setUp -->
        <test-method signature="languagesTest()[pri:0, instance:com.amazon.qa.testcases.HomePageTest@74bada02]" started-at="2022-07-26T14:33:17 EDT" name="languagesTest" finished-at="2022-07-26T14:33:17 EDT" duration-ms="400" status="PASS">
          <reporter-output>
          </reporter-output>
        </test-method> <!-- languagesTest -->
        <test-method is-config="true" signature="tearDown()[pri:0, instance:com.amazon.qa.testcases.HomePageTest@74bada02]" started-at="2022-07-26T14:33:17 EDT" name="tearDown" finished-at="2022-07-26T14:33:18 EDT" duration-ms="688" status="PASS">
          <reporter-output>
          </reporter-output>
        </test-method> <!-- tearDown -->
        <test-method is-config="true" signature="setUp()[pri:0, instance:com.amazon.qa.testcases.HomePageTest@74bada02]" started-at="2022-07-26T14:33:18 EDT" name="setUp" finished-at="2022-07-26T14:33:22 EDT" duration-ms="3954" status="PASS">
          <reporter-output>
          </reporter-output>
        </test-method> <!-- setUp -->
        <test-method signature="pageLogoTest()[pri:0, instance:com.amazon.qa.testcases.HomePageTest@74bada02]" started-at="2022-07-26T14:33:22 EDT" name="pageLogoTest" finished-at="2022-07-26T14:33:27 EDT" duration-ms="5444" status="PASS">
          <reporter-output>
          </reporter-output>
        </test-method> <!-- pageLogoTest -->
        <test-method is-config="true" signature="tearDown()[pri:0, instance:com.amazon.qa.testcases.HomePageTest@74bada02]" started-at="2022-07-26T14:33:27 EDT" name="tearDown" finished-at="2022-07-26T14:33:28 EDT" duration-ms="925" status="PASS">
          <reporter-output>
          </reporter-output>
        </test-method> <!-- tearDown -->
        <test-method is-config="true" signature="setUp()[pri:0, instance:com.amazon.qa.testcases.HomePageTest@74bada02]" started-at="2022-07-26T14:33:28 EDT" name="setUp" finished-at="2022-07-26T14:33:35 EDT" duration-ms="6459" status="PASS">
          <reporter-output>
          </reporter-output>
        </test-method> <!-- setUp -->
        <test-method signature="searchTest()[pri:0, instance:com.amazon.qa.testcases.HomePageTest@74bada02]" started-at="2022-07-26T14:33:35 EDT" name="searchTest" finished-at="2022-07-26T14:33:36 EDT" duration-ms="1665" status="PASS">
          <reporter-output>
          </reporter-output>
        </test-method> <!-- searchTest -->
        <test-method is-config="true" signature="tearDown()[pri:0, instance:com.amazon.qa.testcases.HomePageTest@74bada02]" started-at="2022-07-26T14:33:36 EDT" name="tearDown" finished-at="2022-07-26T14:33:37 EDT" duration-ms="619" status="PASS">
          <reporter-output>
          </reporter-output>
        </test-method> <!-- tearDown -->
      </class> <!-- com.amazon.qa.testcases.HomePageTest -->
    </test> <!-- Amazon Test -->
  </suite> <!-- Suite -->
</testng-results>
