<?xml version="1.0" encoding="UTF-8"?>
<!-- Generated by org.testng.reporters.JUnitReportReporter -->
<testsuite hostname="Hirals-MacBook-Air.local" failures="1" tests="7" name="com.amazon.qa.testcases.HomePageTest" time="62.781" errors="0" timestamp="2022-07-26T14:35:22 EDT" skipped="0">
  <testcase classname="com.amazon.qa.testcases.HomePageTest" name="footerListTest" time="19.336"/>
  <system-out/>
  <testcase classname="com.amazon.qa.testcases.HomePageTest" name="languagesTest" time="6.325"/>
  <system-out/>
  <testcase classname="com.amazon.qa.testcases.HomePageTest" name="searchTest" time="8.116"/>
  <system-out/>
  <testcase classname="com.amazon.qa.testcases.HomePageTest" name="homePageTitleTest" time="4.690"/>
  <system-out/>
  <testcase classname="com.amazon.qa.testcases.HomePageTest" name="pageLogoTest" time="10.782"/>
  <system-out/>
  <testcase classname="com.amazon.qa.testcases.HomePageTest" name="globalLocationTest" time="7.346"/>
  <system-out/>
  <testcase classname="com.amazon.qa.testcases.HomePageTest" name="headerListTest" time="6.186">
    <failure message="The numbers of Header Links are not matched expected [28] but found [27]" type="java.lang.AssertionError">
      <![CDATA[java.lang.AssertionError: The numbers of Header Links are not matched expected [28] but found [27]
at org.testng.Assert.fail(Assert.java:99)
at org.testng.Assert.failNotEquals(Assert.java:1037)
at org.testng.Assert.assertEqualsImpl(Assert.java:140)
at org.testng.Assert.assertEquals(Assert.java:122)
at org.testng.Assert.assertEquals(Assert.java:907)
at com.amazon.qa.testcases.HomePageTest.headerListTest(HomePageTest.java:74)
at java.base/jdk.internal.reflect.NativeMethodAccessorImpl.invoke0(Native Method)
at java.base/jdk.internal.reflect.NativeMethodAccessorImpl.invoke(NativeMethodAccessorImpl.java:64)
at java.base/jdk.internal.reflect.DelegatingMethodAccessorImpl.invoke(DelegatingMethodAccessorImpl.java:43)
at java.base/java.lang.reflect.Method.invoke(Method.java:564)
at org.testng.internal.MethodInvocationHelper.invokeMethod(MethodInvocationHelper.java:133)
at org.testng.internal.TestInvoker.invokeMethod(TestInvoker.java:598)
at org.testng.internal.TestInvoker.invokeTestMethod(TestInvoker.java:173)
at org.testng.internal.MethodRunner.runInSequence(MethodRunner.java:46)
at org.testng.internal.TestInvoker$MethodInvocationAgent.invoke(TestInvoker.java:824)
at org.testng.internal.TestInvoker.invokeTestMethods(TestInvoker.java:146)
at org.testng.internal.TestMethodWorker.invokeTestMethods(TestMethodWorker.java:146)
at org.testng.internal.TestMethodWorker.run(TestMethodWorker.java:128)
at java.base/java.util.ArrayList.forEach(ArrayList.java:1511)
at org.testng.TestRunner.privateRun(TestRunner.java:794)
at org.testng.TestRunner.run(TestRunner.java:596)
at org.testng.SuiteRunner.runTest(SuiteRunner.java:377)
at org.testng.SuiteRunner.runSequentially(SuiteRunner.java:371)
at org.testng.SuiteRunner.privateRun(SuiteRunner.java:332)
at org.testng.SuiteRunner.run(SuiteRunner.java:276)
at org.testng.SuiteRunnerWorker.runSuite(SuiteRunnerWorker.java:53)
at org.testng.SuiteRunnerWorker.run(SuiteRunnerWorker.java:96)
at org.testng.TestNG.runSuitesSequentially(TestNG.java:1212)
at org.testng.TestNG.runSuitesLocally(TestNG.java:1134)
at org.testng.TestNG.runSuites(TestNG.java:1063)
at org.testng.TestNG.run(TestNG.java:1031)
at org.testng.remote.AbstractRemoteTestNG.run(AbstractRemoteTestNG.java:115)
at org.testng.remote.RemoteTestNG.initAndRun(RemoteTestNG.java:251)
at org.testng.remote.RemoteTestNG.main(RemoteTestNG.java:77)
]]>
    </failure>
  </testcase> <!-- headerListTest -->
  <system-out/>
</testsuite> <!-- com.amazon.qa.testcases.HomePageTest -->
